This is pdfTeX, Version 3.14159265-2.6-1.40.18 (TeX Live 2017) (preloaded format=pdflatex 2017.5.23)  2 MAY 2018 22:52
entering extended mode
 restricted \write18 enabled.
 %&-line parsing enabled.
**final-report.tex
(./final-report.tex
LaTeX2e <2017-04-15>
Babel <3.10> and hyphenation patterns for 84 language(s) loaded.
(/usr/local/texlive/2017/texmf-dist/tex/latex/base/proc.cls
Document Class: proc 2014/09/29 v1.3l Standard LaTeX document class
(/usr/local/texlive/2017/texmf-dist/tex/latex/base/article.cls
Document Class: article 2014/09/29 v1.4h Standard LaTeX document class
(/usr/local/texlive/2017/texmf-dist/tex/latex/base/size10.clo
File: size10.clo 2014/09/29 v1.4h Standard LaTeX file (size option)
)
\c@part=\count79
\c@section=\count80
\c@subsection=\count81
\c@subsubsection=\count82
\c@paragraph=\count83
\c@subparagraph=\count84
\c@figure=\count85
\c@table=\count86
\abovecaptionskip=\skip41
\belowcaptionskip=\skip42
\bibindent=\dimen102
))
(/usr/local/texlive/2017/texmf-dist/tex/latex/url/url.sty
\Urlmuskip=\muskip10
Package: url 2013/09/16  ver 3.4  Verb mode for urls, etc.
)
(/usr/local/texlive/2017/texmf-dist/tex/latex/amsfonts/amssymb.sty
Package: amssymb 2013/01/14 v3.01 AMS font symbols

(/usr/local/texlive/2017/texmf-dist/tex/latex/amsfonts/amsfonts.sty
Package: amsfonts 2013/01/14 v3.01 Basic AMSFonts support
\@emptytoks=\toks14
\symAMSa=\mathgroup4
\symAMSb=\mathgroup5
LaTeX Font Info:    Overwriting math alphabet `\mathfrak' in version `bold'
(Font)                  U/euf/m/n --> U/euf/b/n on input line 106.
))
(/usr/local/texlive/2017/texmf-dist/tex/latex/amscls/amsthm.sty
Package: amsthm 2015/03/04 v2.20.2
\thm@style=\toks15
\thm@bodyfont=\toks16
\thm@headfont=\toks17
\thm@notefont=\toks18
\thm@headpunct=\toks19
\thm@preskip=\skip43
\thm@postskip=\skip44
\thm@headsep=\skip45
\dth@everypar=\toks20
)
(/usr/local/texlive/2017/texmf-dist/tex/latex/mathtools/mathtools.sty
Package: mathtools 2015/11/12 v1.18 mathematical typesetting tools

(/usr/local/texlive/2017/texmf-dist/tex/latex/graphics/keyval.sty
Package: keyval 2014/10/28 v1.15 key=value parser (DPC)
\KV@toks@=\toks21
)
(/usr/local/texlive/2017/texmf-dist/tex/latex/tools/calc.sty
Package: calc 2014/10/28 v4.3 Infix arithmetic (KKT,FJ)
\calc@Acount=\count87
\calc@Bcount=\count88
\calc@Adimen=\dimen103
\calc@Bdimen=\dimen104
\calc@Askip=\skip46
\calc@Bskip=\skip47
LaTeX Info: Redefining \setlength on input line 80.
LaTeX Info: Redefining \addtolength on input line 81.
\calc@Ccount=\count89
\calc@Cskip=\skip48
)
(/usr/local/texlive/2017/texmf-dist/tex/latex/mathtools/mhsetup.sty
Package: mhsetup 2010/01/21 v1.2a programming setup (MH)
)
(/usr/local/texlive/2017/texmf-dist/tex/latex/amsmath/amsmath.sty
Package: amsmath 2016/11/05 v2.16a AMS math features
\@mathmargin=\skip49

For additional information on amsmath, use the `?' option.
(/usr/local/texlive/2017/texmf-dist/tex/latex/amsmath/amstext.sty
Package: amstext 2000/06/29 v2.01 AMS text

(/usr/local/texlive/2017/texmf-dist/tex/latex/amsmath/amsgen.sty
File: amsgen.sty 1999/11/30 v2.0 generic functions
\@emptytoks=\toks22
\ex@=\dimen105
))
(/usr/local/texlive/2017/texmf-dist/tex/latex/amsmath/amsbsy.sty
Package: amsbsy 1999/11/29 v1.2d Bold Symbols
\pmbraise@=\dimen106
)
(/usr/local/texlive/2017/texmf-dist/tex/latex/amsmath/amsopn.sty
Package: amsopn 2016/03/08 v2.02 operator names
)
\inf@bad=\count90
LaTeX Info: Redefining \frac on input line 213.
\uproot@=\count91
\leftroot@=\count92
LaTeX Info: Redefining \overline on input line 375.
\classnum@=\count93
\DOTSCASE@=\count94
LaTeX Info: Redefining \ldots on input line 472.
LaTeX Info: Redefining \dots on input line 475.
LaTeX Info: Redefining \cdots on input line 596.
\Mathstrutbox@=\box26
\strutbox@=\box27
\big@size=\dimen107
LaTeX Font Info:    Redeclaring font encoding OML on input line 712.
LaTeX Font Info:    Redeclaring font encoding OMS on input line 713.
\macc@depth=\count95
\c@MaxMatrixCols=\count96
\dotsspace@=\muskip11
\c@parentequation=\count97
\dspbrk@lvl=\count98
\tag@help=\toks23
\row@=\count99
\column@=\count100
\maxfields@=\count101
\andhelp@=\toks24
\eqnshift@=\dimen108
\alignsep@=\dimen109
\tagshift@=\dimen110
\tagwidth@=\dimen111
\totwidth@=\dimen112
\lineht@=\dimen113
\@envbody=\toks25
\multlinegap=\skip50
\multlinetaggap=\skip51
\mathdisplay@stack=\toks26
LaTeX Info: Redefining \[ on input line 2817.
LaTeX Info: Redefining \] on input line 2818.
)
LaTeX Info: Thecontrolsequence`\('isalreadyrobust on input line 129.
LaTeX Info: Thecontrolsequence`\)'isalreadyrobust on input line 129.
LaTeX Info: Thecontrolsequence`\['isalreadyrobust on input line 129.
LaTeX Info: Thecontrolsequence`\]'isalreadyrobust on input line 129.
\g_MT_multlinerow_int=\count102
\l_MT_multwidth_dim=\dimen114
\origjot=\skip52
\l_MT_shortvdotswithinadjustabove_dim=\dimen115
\l_MT_shortvdotswithinadjustbelow_dim=\dimen116
\l_MT_above_intertext_sep=\dimen117
\l_MT_below_intertext_sep=\dimen118
\l_MT_above_shortintertext_sep=\dimen119
\l_MT_below_shortintertext_sep=\dimen120
)
(/usr/local/texlive/2017/texmf-dist/tex/latex/parskip/parskip.sty
Package: parskip 2001/04/09 non-zero parskip adjustments
)
(/usr/local/texlive/2017/texmf-dist/tex/latex/algorithms/algorithm.sty
Package: algorithm 2009/08/24 v0.1 Document Style `algorithm' - floating enviro
nment

(/usr/local/texlive/2017/texmf-dist/tex/latex/float/float.sty
Package: float 2001/11/08 v1.3d Float enhancements (AL)
\c@float@type=\count103
\float@exts=\toks27
\float@box=\box28
\@float@everytoks=\toks28
\@floatcapt=\box29
)
(/usr/local/texlive/2017/texmf-dist/tex/latex/base/ifthen.sty
Package: ifthen 2014/09/29 v1.1c Standard LaTeX ifthen package (DPC)
)
\@float@every@algorithm=\toks29
\c@algorithm=\count104
)
(/usr/local/texlive/2017/texmf-dist/tex/latex/algorithms/algorithmic.sty
Package: algorithmic 2009/08/24 v0.1 Document Style `algorithmic'
\c@ALC@unique=\count105
\c@ALC@line=\count106
\c@ALC@rem=\count107
\c@ALC@depth=\count108
\ALC@tlm=\skip53
\algorithmicindent=\skip54
)
(/usr/local/texlive/2017/texmf-dist/tex/latex/tools/array.sty
Package: array 2016/10/06 v2.4d Tabular extension package (FMi)
\col@sep=\dimen121
\extrarowheight=\dimen122
\NC@list=\toks30
\extratabsurround=\skip55
\backup@length=\skip56
)
(/usr/local/texlive/2017/texmf-dist/tex/latex/multirow/multirow.sty
Package: multirow 2016/11/25 v2.2 Span multiple rows of a table
\multirow@colwidth=\skip57
\multirow@cntb=\count109
\multirow@dima=\skip58
\bigstrutjot=\dimen123
)
(/usr/local/texlive/2017/texmf-dist/tex/latex/caption/caption.sty
Package: caption 2016/02/21 v3.3-144 Customizing captions (AR)

(/usr/local/texlive/2017/texmf-dist/tex/latex/caption/caption3.sty
Package: caption3 2016/05/22 v1.7-166 caption3 kernel (AR)
Package caption3 Info: TeX engine: e-TeX on input line 67.
\captionmargin=\dimen124
\captionmargin@=\dimen125
\captionwidth=\dimen126
\caption@tempdima=\dimen127
\caption@indent=\dimen128
\caption@parindent=\dimen129
\caption@hangindent=\dimen130
)
\c@ContinuedFloat=\count110
Package caption Info: float package is loaded.
)
(/usr/local/texlive/2017/texmf-dist/tex/latex/caption/subcaption.sty
Package: subcaption 2016/05/22 v1.1-161 Sub-captions (AR)
\c@subfigure=\count111
\c@subtable=\count112
)
(./final-report.aux)
\openout1 = `final-report.aux'.

LaTeX Font Info:    Checking defaults for OML/cmm/m/it on input line 15.
LaTeX Font Info:    ... okay on input line 15.
LaTeX Font Info:    Checking defaults for T1/cmr/m/n on input line 15.
LaTeX Font Info:    ... okay on input line 15.
LaTeX Font Info:    Checking defaults for OT1/cmr/m/n on input line 15.
LaTeX Font Info:    ... okay on input line 15.
LaTeX Font Info:    Checking defaults for OMS/cmsy/m/n on input line 15.
LaTeX Font Info:    ... okay on input line 15.
LaTeX Font Info:    Checking defaults for OMX/cmex/m/n on input line 15.
LaTeX Font Info:    ... okay on input line 15.
LaTeX Font Info:    Checking defaults for U/cmr/m/n on input line 15.
LaTeX Font Info:    ... okay on input line 15.

(/usr/local/texlive/2017/texmf-dist/tex/latex/graphics/graphicx.sty
Package: graphicx 2014/10/28 v1.0g Enhanced LaTeX Graphics (DPC,SPQR)

(/usr/local/texlive/2017/texmf-dist/tex/latex/graphics/graphics.sty
Package: graphics 2017/04/14 v1.1b Standard LaTeX Graphics (DPC,SPQR)

(/usr/local/texlive/2017/texmf-dist/tex/latex/graphics/trig.sty
Package: trig 2016/01/03 v1.10 sin cos tan (DPC)
)
(/usr/local/texlive/2017/texmf-dist/tex/latex/graphics-cfg/graphics.cfg
File: graphics.cfg 2016/06/04 v1.11 sample graphics configuration
)
Package graphics Info: Driver file: pdftex.def on input line 99.

(/usr/local/texlive/2017/texmf-dist/tex/latex/graphics-def/pdftex.def
File: pdftex.def 2017/01/12 v0.06k Graphics/color for pdfTeX

(/usr/local/texlive/2017/texmf-dist/tex/generic/oberdiek/infwarerr.sty
Package: infwarerr 2016/05/16 v1.4 Providing info/warning/error messages (HO)
)
(/usr/local/texlive/2017/texmf-dist/tex/generic/oberdiek/ltxcmds.sty
Package: ltxcmds 2016/05/16 v1.23 LaTeX kernel commands for general use (HO)
)
\Gread@gobject=\count113

(/usr/local/texlive/2017/texmf-dist/tex/context/base/mkii/supp-pdf.mkii
[Loading MPS to PDF converter (version 2006.09.02).]
\scratchcounter=\count114
\scratchdimen=\dimen131
\scratchbox=\box30
\nofMPsegments=\count115
\nofMParguments=\count116
\everyMPshowfont=\toks31
\MPscratchCnt=\count117
\MPscratchDim=\dimen132
\MPnumerator=\count118
\makeMPintoPDFobject=\count119
\everyMPtoPDFconversion=\toks32
))) (/usr/local/texlive/2017/texmf-dist/tex/generic/oberdiek/pdftexcmds.sty
Package: pdftexcmds 2017/03/19 v0.25 Utility functions of pdfTeX for LuaTeX (HO
)

(/usr/local/texlive/2017/texmf-dist/tex/generic/oberdiek/ifluatex.sty
Package: ifluatex 2016/05/16 v1.4 Provides the ifluatex switch (HO)
Package ifluatex Info: LuaTeX not detected.
)
(/usr/local/texlive/2017/texmf-dist/tex/generic/oberdiek/ifpdf.sty
Package: ifpdf 2017/03/15 v3.2 Provides the ifpdf switch
)
Package pdftexcmds Info: LuaTeX not detected.
Package pdftexcmds Info: \pdf@primitive is available.
Package pdftexcmds Info: \pdf@ifprimitive is available.
Package pdftexcmds Info: \pdfdraftmode found.
)
(/usr/local/texlive/2017/texmf-dist/tex/latex/oberdiek/epstopdf-base.sty
Package: epstopdf-base 2016/05/15 v2.6 Base part for package epstopdf

(/usr/local/texlive/2017/texmf-dist/tex/latex/oberdiek/grfext.sty
Package: grfext 2016/05/16 v1.2 Manage graphics extensions (HO)

(/usr/local/texlive/2017/texmf-dist/tex/generic/oberdiek/kvdefinekeys.sty
Package: kvdefinekeys 2016/05/16 v1.4 Define keys (HO)
))
(/usr/local/texlive/2017/texmf-dist/tex/latex/oberdiek/kvoptions.sty
Package: kvoptions 2016/05/16 v3.12 Key value format for package options (HO)

(/usr/local/texlive/2017/texmf-dist/tex/generic/oberdiek/kvsetkeys.sty
Package: kvsetkeys 2016/05/16 v1.17 Key value parser (HO)

(/usr/local/texlive/2017/texmf-dist/tex/generic/oberdiek/etexcmds.sty
Package: etexcmds 2016/05/16 v1.6 Avoid name clashes with e-TeX commands (HO)
Package etexcmds Info: Could not find \expanded.
(etexcmds)             That can mean that you are not using pdfTeX 1.50 or
(etexcmds)             that some package has redefined \expanded.
(etexcmds)             In the latter case, load this package earlier.
)))
Package epstopdf-base Info: Redefining graphics rule for `.eps' on input line 4
38.
Package grfext Info: Graphics extension search list:
(grfext)             [.png,.pdf,.jpg,.mps,.jpeg,.jbig2,.jb2,.PNG,.PDF,.JPG,.JPE
G,.JBIG2,.JB2,.eps]
(grfext)             \AppendGraphicsExtensions on input line 456.

(/usr/local/texlive/2017/texmf-dist/tex/latex/latexconfig/epstopdf-sys.cfg
File: epstopdf-sys.cfg 2010/07/13 v1.3 Configuration of (r)epstopdf for TeX Liv
e
))
\Gin@req@height=\dimen133
\Gin@req@width=\dimen134
)
Package caption Info: Begin \AtBeginDocument code.
Package caption Info: End \AtBeginDocument code.
LaTeX Font Info:    Try loading font information for U+msa on input line 20.

(/usr/local/texlive/2017/texmf-dist/tex/latex/amsfonts/umsa.fd
File: umsa.fd 2013/01/14 v3.01 AMS symbols A
)
LaTeX Font Info:    Try loading font information for U+msb on input line 20.

(/usr/local/texlive/2017/texmf-dist/tex/latex/amsfonts/umsb.fd
File: umsb.fd 2013/01/14 v3.01 AMS symbols B
)
Underfull \hbox (badness 1028) in paragraph at lines 28--29
\OT1/cmr/m/n/10 When pro-cess-ing struc-tured data from dis-parate
 []


Underfull \vbox (badness 10000) has occurred while \output is active []

 [1{/usr/local/texlive/2017/texmf-var/fonts/map/pdftex/updmap/pdftex.map}


]
LaTeX Font Info:    Try loading font information for OMS+cmr on input line 55.

(/usr/local/texlive/2017/texmf-dist/tex/latex/base/omscmr.fd
File: omscmr.fd 2014/09/29 v2.5h Standard LaTeX font definitions
)
LaTeX Font Info:    Font shape `OMS/cmr/m/n' in size <10> not available
(Font)              Font shape `OMS/cmsy/m/n' tried instead on input line 55.
 [2]
<../imgs/word-embeddings.png, id=19, 539.01375pt x 291.0875pt>
File: ../imgs/word-embeddings.png Graphic file (type png)

<use ../imgs/word-embeddings.png>
Package pdftex.def Info: ../imgs/word-embeddings.png used on input line 75.
(pdftex.def)             Requested size: 242.55394pt x 130.98816pt.

Overfull \hbox (12.10457pt too wide) in paragraph at lines 75--76
[][] 
 []


Underfull \hbox (badness 1694) in paragraph at lines 92--93
[]\OT1/cmr/m/n/10 However, one cru-cial short-com-ing of tra-di-tional
 []

<../imgs/word-embeddings-lstm.png, id=22, 677.53125pt x 422.57875pt>
File: ../imgs/word-embeddings-lstm.png Graphic file (type png)

<use ../imgs/word-embeddings-lstm.png>
Package pdftex.def Info: ../imgs/word-embeddings-lstm.png used on input line 95
.
(pdftex.def)             Requested size: 237.13948pt x 147.90477pt.

Overfull \hbox (6.69011pt too wide) in paragraph at lines 95--96
[][] 
 []

[3 <../imgs/word-embeddings.png>]
<../imgs/malstm-architecture.png, id=30, 618.31pt x 314.17375pt>
File: ../imgs/malstm-architecture.png Graphic file (type png)

<use ../imgs/malstm-architecture.png>
Package pdftex.def Info: ../imgs/malstm-architecture.png used on input line 107
.
(pdftex.def)             Requested size: 247.31961pt x 125.66727pt.

Overfull \hbox (16.87024pt too wide) in paragraph at lines 107--108
[][] 
 []

<../imgs/deep-er-framework.png, id=31, 721.69624pt x 586.19pt>
File: ../imgs/deep-er-framework.png Graphic file (type png)

<use ../imgs/deep-er-framework.png>
Package pdftex.def Info: ../imgs/deep-er-framework.png used on input line 133.
(pdftex.def)             Requested size: 238.16049pt x 193.4433pt.

Overfull \hbox (7.71112pt too wide) in paragraph at lines 133--134
[][] 
 []


Underfull \hbox (badness 1102) in paragraph at lines 142--143
[] []\OT1/cmr/m/n/10 Return a la-bel vec-tor $\OML/cmm/m/it/10 y$ \OT1/cmr/m/n/
10 where $\OML/cmm/m/it/10 y\OT1/cmr/m/n/10 [\OML/cmm/m/it/10 i\OT1/cmr/m/n/10 
] =
 []


Underfull \hbox (badness 10000) in paragraph at lines 155--156
[] []\OT1/cmr/m/n/10 Use densely con-nected trained neu-
 []


Underfull \hbox (badness 1755) in paragraph at lines 155--156
\OT1/cmr/m/n/10 ral net-work $\OMS/cmsy/m/n/10 N$ \OT1/cmr/m/n/10 to clas-sify 
$\OML/cmm/m/it/10 s$ \OT1/cmr/m/n/10 as $\OMS/cmsy/m/n/10 N\OT1/cmr/m/n/10 (\OM
L/cmm/m/it/10 s\OT1/cmr/m/n/10 ) =
 []

[4 <../imgs/word-embeddings-lstm.png> <../imgs/malstm-architecture.png>]
[5 <../imgs/deep-er-framework.png>] [6]
Underfull \hbox (badness 1102) in paragraph at lines 226--227
\OT1/cmr/m/n/10 datasets, pre-pro-cess-ing, and eval-u-a-tion mea-sures
 []

[7] [8]
Underfull \hbox (badness 10000) in paragraph at lines 281--281
[]|\OT1/cmr/bx/n/10 Model
 []


Underfull \hbox (badness 10000) in paragraph at lines 281--281
[]|\OT1/cmr/bx/n/10 Token-
 []


Underfull \hbox (badness 1303) in paragraph at lines 281--281
[]|\OT1/cmr/bx/n/10 Text Com-po-
 []


Overfull \hbox (0.6054pt too wide) in paragraph at lines 281--281
[]|\OT1/cmr/bx/n/10 Numeric
 []


Underfull \hbox (badness 10000) in paragraph at lines 281--281
\OT1/cmr/bx/n/10 At-
 []


Underfull \hbox (badness 10000) in paragraph at lines 281--281
[]|\OT1/cmr/bx/n/10 Null
 []


Underfull \hbox (badness 10000) in paragraph at lines 281--282
[]|\OT1/cmr/bx/n/10 Trainable
 []


Underfull \hbox (badness 10000) in paragraph at lines 281--282
\OT1/cmr/bx/n/10 Em-bed-
 []


Underfull \hbox (badness 10000) in paragraph at lines 295--295
[]|\OT1/cmr/m/n/10 allcomp-
 []


Underfull \hbox (badness 10000) in paragraph at lines 297--297
[]|\OT1/cmr/m/n/10 allcomp-
 []


Underfull \hbox (badness 10000) in paragraph at lines 309--309
[]|\OT1/cmr/m/n/10 avg-num-
 []


Underfull \hbox (badness 10000) in paragraph at lines 313--313
[]|\OT1/cmr/m/n/10 avg-num-
 []


Underfull \hbox (badness 10000) in paragraph at lines 315--315
[]|\OT1/cmr/m/n/10 avg-allsim-
 []


Underfull \hbox (badness 10000) in paragraph at lines 319--319
[]|\OT1/cmr/m/n/10 lstm-num-
 []


Underfull \hbox (badness 10000) in paragraph at lines 321--321
[]|\OT1/cmr/m/n/10 allcomp-
 []


Underfull \hbox (badness 10000) in paragraph at lines 321--321
\OT1/cmr/m/n/10 allsim-num-
 []


Overfull \hbox (11.76485pt too wide) in paragraph at lines 279--325
 [] 
 []


LaTeX Warning: Citation `ebraheem' on page 9 undefined on input line 341.

<../imgs/results-malstm.png, id=58, 909.89937pt x 452.69125pt>
File: ../imgs/results-malstm.png Graphic file (type png)

<use ../imgs/results-malstm.png>
Package pdftex.def Info: ../imgs/results-malstm.png used on input line 349.
(pdftex.def)             Requested size: 245.6761pt x 122.22827pt.

Overfull \hbox (15.22673pt too wide) in paragraph at lines 349--350
[][] 
 []


Underfull \hbox (badness 1168) in paragraph at lines 356--357
\OT1/cmr/m/n/10 hurt-ing DeepER's per-for-mance for two datasets,
 []

[9] <../imgs/results-compositions.png, id=62, 1066.48438pt x 452.69125pt>
File: ../imgs/results-compositions.png Graphic file (type png)

<use ../imgs/results-compositions.png>
Package pdftex.def Info: ../imgs/results-compositions.png used on input line 35
9.
(pdftex.def)             Requested size: 234.62729pt x 99.59238pt.

Overfull \hbox (4.17792pt too wide) in paragraph at lines 359--360
[][] 
 []

<../imgs/results-similarities.png, id=63, 1134.73938pt x 452.69125pt>
File: ../imgs/results-similarities.png Graphic file (type png)

<use ../imgs/results-similarities.png>
Package pdftex.def Info: ../imgs/results-similarities.png used on input line 36
7.
(pdftex.def)             Requested size: 249.64343pt x 99.59238pt.

Overfull \hbox (19.19406pt too wide) in paragraph at lines 367--368
[][] 
 []

[10 <../imgs/results-malstm.png>]
<../imgs/results-avg-t.png, id=68, 1048.91875pt x 452.69125pt>
File: ../imgs/results-avg-t.png Graphic file (type png)

<use ../imgs/results-avg-t.png>
Package pdftex.def Info: ../imgs/results-avg-t.png used on input line 375.
(pdftex.def)             Requested size: 230.76283pt x 99.59238pt.

<../imgs/results-preprocessing.png, id=69, 1071.50313pt x 452.69125pt>
File: ../imgs/results-preprocessing.png Graphic file (type png)

<use ../imgs/results-preprocessing.png>
Package pdftex.def Info: ../imgs/results-preprocessing.png used on input line 3
83.
(pdftex.def)             Requested size: 235.73141pt x 99.59238pt.

Overfull \hbox (5.28204pt too wide) in paragraph at lines 383--384
[][] 
 []

<../imgs/results-avg.png, id=70, 1179.40625pt x 452.69125pt>
File: ../imgs/results-avg.png Graphic file (type png)

<use ../imgs/results-avg.png>
Package pdftex.def Info: ../imgs/results-avg.png used on input line 391.
(pdftex.def)             Requested size: 259.47017pt x 99.59238pt.

Overfull \hbox (29.0208pt too wide) in paragraph at lines 391--392
[][] 
 []


Underfull \hbox (badness 1014) in paragraph at lines 392--392
[]\OT1/cmr/m/n/10 Figure 10: |\OT1/cmr/bx/n/10 Vari-a-tions on average-based at
-
 []

<../imgs/results-kitchen-sink.png, id=71, 1215.54124pt x 452.69125pt>
File: ../imgs/results-kitchen-sink.png Graphic file (type png)

<use ../imgs/results-kitchen-sink.png>
Package pdftex.def Info: ../imgs/results-kitchen-sink.png used on input line 39
9.
(pdftex.def)             Requested size: 243.10394pt x 90.53664pt.

Overfull \hbox (12.65457pt too wide) in paragraph at lines 399--400
[][] 
 []

[11 <../imgs/results-compositions.png> <../imgs/results-similarities.png> <../i
mgs/results-avg-t.png> <../imgs/results-preprocessing.png> <../imgs/results-avg
.png>] <../imgs/results-final.png, id=80, 1085.55562pt x 452.69125pt>
File: ../imgs/results-final.png Graphic file (type png)

<use ../imgs/results-final.png>
Package pdftex.def Info: ../imgs/results-final.png used on input line 407.
(pdftex.def)             Requested size: 238.82297pt x 99.59238pt.

Overfull \hbox (8.3736pt too wide) in paragraph at lines 407--408
[][] 
 []


Underfull \hbox (badness 4279) in paragraph at lines 420--421
[]\OT1/cmr/m/n/10 Two av-enues in par-tic-u-lar re-main un-ex-plored.
 []

(./final-report.bbl [12 <../imgs/results-kitchen-sink.png> <../imgs/results-fin
al.png>]
Underfull \hbox (badness 1270) in paragraph at lines 58--61
\OT1/cmr/m/it/10 nal of Ma-chine Learn-ing Re-search\OT1/cmr/m/n/10 , vol. 12,
 []


Underfull \hbox (badness 10000) in paragraph at lines 88--92
[]\OT1/cmr/m/n/10 ``Benchmark datasets for en-tity res-o-lu-
 []


Underfull \hbox (badness 10000) in paragraph at lines 88--92
\OT1/cmr/m/n/10 tion.'' $\OT1/cmtt/m/n/10 https : / / dbs . uni-[]leipzig . de 
/ en /
 []


Underfull \hbox (badness 10000) in paragraph at lines 88--92
\OT1/cmtt/m/n/10 research / projects / objectmatching /
 []


Underfull \hbox (badness 10000) in paragraph at lines 88--92
\OT1/cmtt/m/n/10 fever / benchmark _ datasets _ for _ entity _
 []

) [13] (./final-report.aux)

LaTeX Warning: There were undefined references.

 ) 
Here is how much of TeX's memory you used:
 4695 strings out of 492995
 71316 string characters out of 6132704
 159413 words of memory out of 5000000
 8145 multiletter control sequences out of 15000+600000
 12185 words of font info for 48 fonts, out of 8000000 for 9000
 1141 hyphenation exceptions out of 8191
 53i,11n,39p,1380b,575s stack positions out of 5000i,500n,10000p,200000b,80000s
</usr/local/texlive/2017/texmf-dist/fonts/type1/public/amsfonts/cm/cmbx10.pfb
></usr/local/texlive/2017/texmf-dist/fonts/type1/public/amsfonts/cm/cmbx12.pfb>
</usr/local/texlive/2017/texmf-dist/fonts/type1/public/amsfonts/cm/cmex10.pfb><
/usr/local/texlive/2017/texmf-dist/fonts/type1/public/amsfonts/cm/cmmi10.pfb></
usr/local/texlive/2017/texmf-dist/fonts/type1/public/amsfonts/cm/cmmi5.pfb></us
r/local/texlive/2017/texmf-dist/fonts/type1/public/amsfonts/cm/cmmi7.pfb></usr/
local/texlive/2017/texmf-dist/fonts/type1/public/amsfonts/cm/cmr10.pfb></usr/lo
cal/texlive/2017/texmf-dist/fonts/type1/public/amsfonts/cm/cmr12.pfb></usr/loca
l/texlive/2017/texmf-dist/fonts/type1/public/amsfonts/cm/cmr17.pfb></usr/local/
texlive/2017/texmf-dist/fonts/type1/public/amsfonts/cm/cmr5.pfb></usr/local/tex
live/2017/texmf-dist/fonts/type1/public/amsfonts/cm/cmr6.pfb></usr/local/texliv
e/2017/texmf-dist/fonts/type1/public/amsfonts/cm/cmr7.pfb></usr/local/texlive/2
017/texmf-dist/fonts/type1/public/amsfonts/cm/cmr8.pfb></usr/local/texlive/2017
/texmf-dist/fonts/type1/public/amsfonts/cm/cmsy10.pfb></usr/local/texlive/2017/
texmf-dist/fonts/type1/public/amsfonts/cm/cmsy5.pfb></usr/local/texlive/2017/te
xmf-dist/fonts/type1/public/amsfonts/cm/cmsy7.pfb></usr/local/texlive/2017/texm
f-dist/fonts/type1/public/amsfonts/cm/cmti10.pfb></usr/local/texlive/2017/texmf
-dist/fonts/type1/public/amsfonts/cm/cmtt10.pfb></usr/local/texlive/2017/texmf-
dist/fonts/type1/public/amsfonts/cm/cmtt8.pfb></usr/local/texlive/2017/texmf-di
st/fonts/type1/public/amsfonts/symbols/msbm10.pfb>
Output written on final-report.pdf (13 pages, 844545 bytes).
PDF statistics:
 154 PDF objects out of 1000 (max. 8388607)
 93 compressed objects within 1 object stream
 0 named destinations out of 1000 (max. 500000)
 67 words of extra memory for PDF output out of 10000 (max. 10000000)

